Using pre-set license
Built from '2022.3/release' branch; Version is '2022.3.5f1 (9674261d40ee) revision 9860134'; Using compiler version '192829333'; Build Type 'Release'
OS: 'Windows 11  (10.0.22621) 64bit Core' Language: 'en' Physical Memory: 16142 MB
BatchMode: 1, IsHumanControllingUs: 0, StartBugReporterOnCrash: 0, Is64bit: 1, IsPro: 1

COMMAND LINE ARGUMENTS:
C:\Program Files\Unity\Hub\Editor\2022.3.5f1\Editor\Unity.exe
-adb2
-batchMode
-noUpm
-name
AssetImportWorker0
-projectPath
D:/Documents/ProyectosUnity/Diplomado/Pedro_Contla_UI
-logFile
Logs/AssetImportWorker0.log
-srvPort
53291
Successfully changed project path to: D:/Documents/ProyectosUnity/Diplomado/Pedro_Contla_UI
D:/Documents/ProyectosUnity/Diplomado/Pedro_Contla_UI
[UnityMemory] Configuration Parameters - Can be set up in boot.config
    "memorysetup-bucket-allocator-granularity=16"
    "memorysetup-bucket-allocator-bucket-count=8"
    "memorysetup-bucket-allocator-block-size=33554432"
    "memorysetup-bucket-allocator-block-count=8"
    "memorysetup-main-allocator-block-size=16777216"
    "memorysetup-thread-allocator-block-size=16777216"
    "memorysetup-gfx-main-allocator-block-size=16777216"
    "memorysetup-gfx-thread-allocator-block-size=16777216"
    "memorysetup-cache-allocator-block-size=4194304"
    "memorysetup-typetree-allocator-block-size=2097152"
    "memorysetup-profiler-bucket-allocator-granularity=16"
    "memorysetup-profiler-bucket-allocator-bucket-count=8"
    "memorysetup-profiler-bucket-allocator-block-size=33554432"
    "memorysetup-profiler-bucket-allocator-block-count=8"
    "memorysetup-profiler-allocator-block-size=16777216"
    "memorysetup-profiler-editor-allocator-block-size=1048576"
    "memorysetup-temp-allocator-size-main=16777216"
    "memorysetup-job-temp-allocator-block-size=2097152"
    "memorysetup-job-temp-allocator-block-size-background=1048576"
    "memorysetup-job-temp-allocator-reduction-small-platforms=262144"
    "memorysetup-allocator-temp-initial-block-size-main=262144"
    "memorysetup-allocator-temp-initial-block-size-worker=262144"
    "memorysetup-temp-allocator-size-background-worker=32768"
    "memorysetup-temp-allocator-size-job-worker=262144"
    "memorysetup-temp-allocator-size-preload-manager=33554432"
    "memorysetup-temp-allocator-size-nav-mesh-worker=65536"
    "memorysetup-temp-allocator-size-audio-worker=65536"
    "memorysetup-temp-allocator-size-cloud-worker=32768"
    "memorysetup-temp-allocator-size-gi-baking-worker=262144"
    "memorysetup-temp-allocator-size-gfx=262144"
Player connection [6572] Host "[IP] 192.168.0.13 [Port] 0 [Flags] 2 [Guid] 2102228062 [EditorId] 2102228062 [Version] 1048832 [Id] WindowsEditor(7,XC-Alien) [Debug] 1 [PackageName] WindowsEditor [ProjectName] Editor" joined multi-casting on [225.0.0.222:54997]...

Player connection [6572] Host "[IP] 192.168.0.13 [Port] 0 [Flags] 2 [Guid] 2102228062 [EditorId] 2102228062 [Version] 1048832 [Id] WindowsEditor(7,XC-Alien) [Debug] 1 [PackageName] WindowsEditor [ProjectName] Editor" joined alternative multi-casting on [225.0.0.222:34997]...

Refreshing native plugins compatible for Editor in 5.96 ms, found 3 plugins.
Preloading 0 native plugins for Editor in 0.00 ms.
Initialize engine version: 2022.3.5f1 (9674261d40ee)
[Subsystems] Discovering subsystems at path C:/Program Files/Unity/Hub/Editor/2022.3.5f1/Editor/Data/Resources/UnitySubsystems
[Subsystems] Discovering subsystems at path D:/Documents/ProyectosUnity/Diplomado/Pedro_Contla_UI/Assets
GfxDevice: creating device client; threaded=0; jobified=0
Direct3D:
    Version:  Direct3D 11.0 [level 11.1]
    Renderer: NVIDIA GeForce RTX 2070 with Max-Q Design (ID=0x1f10)
    Vendor:   NVIDIA
    VRAM:     8019 MB
    Driver:   31.0.15.3209
Initialize mono
Mono path[0] = 'C:/Program Files/Unity/Hub/Editor/2022.3.5f1/Editor/Data/Managed'
Mono path[1] = 'C:/Program Files/Unity/Hub/Editor/2022.3.5f1/Editor/Data/MonoBleedingEdge/lib/mono/unityjit-win32'
Mono config path = 'C:/Program Files/Unity/Hub/Editor/2022.3.5f1/Editor/Data/MonoBleedingEdge/etc'
Using monoOptions --debugger-agent=transport=dt_socket,embedding=1,server=y,suspend=n,address=127.0.0.1:56668
Begin MonoManager ReloadAssembly
Registering precompiled unity dll's ...
Register platform support module: C:/Program Files/Unity/Hub/Editor/2022.3.5f1/Editor/Data/PlaybackEngines/AndroidPlayer/UnityEditor.Android.Extensions.dll
Register platform support module: C:/Program Files/Unity/Hub/Editor/2022.3.5f1/Editor/Data/PlaybackEngines/WindowsStandaloneSupport/UnityEditor.WindowsStandalone.Extensions.dll
Registered in 0.017498 seconds.
- Loaded All Assemblies, in  0.494 seconds
Native extension for WindowsStandalone target not found
Native extension for Android target not found
Android Extension - Scanning For ADB Devices 405 ms
Mono: successfully reloaded assembly
- Finished resetting the current domain, in  0.834 seconds
Domain Reload Profiling: 1327ms
	BeginReloadAssembly (133ms)
		ExecutionOrderSort (0ms)
		DisableScriptedObjects (0ms)
		BackupInstance (0ms)
		ReleaseScriptingObjects (0ms)
		CreateAndSetChildDomain (1ms)
	RebuildCommonClasses (50ms)
	RebuildNativeTypeToScriptingClass (12ms)
	initialDomainReloadingComplete (88ms)
	LoadAllAssembliesAndSetupDomain (209ms)
		LoadAssemblies (131ms)
		RebuildTransferFunctionScriptingTraits (0ms)
		AnalyzeDomain (203ms)
			TypeCache.Refresh (202ms)
				TypeCache.ScanAssembly (184ms)
			ScanForSourceGeneratedMonoScriptInfo (0ms)
			ResolveRequiredComponents (1ms)
	FinalizeReload (834ms)
		ReleaseScriptCaches (0ms)
		RebuildScriptCaches (0ms)
		SetupLoadedEditorAssemblies (758ms)
			LogAssemblyErrors (0ms)
			InitializePlatformSupportModulesInManaged (539ms)
			SetLoadedEditorAssemblies (5ms)
			RefreshPlugins (0ms)
			BeforeProcessingInitializeOnLoad (3ms)
			ProcessInitializeOnLoadAttributes (126ms)
			ProcessInitializeOnLoadMethodAttributes (85ms)
			AfterProcessingInitializeOnLoad (0ms)
			EditorAssembliesLoaded (0ms)
		ExecutionOrderSort2 (0ms)
		AwakeInstancesAfterBackupRestoration (0ms)
========================================================================
Worker process is ready to serve import requests
Begin MonoManager ReloadAssembly
Symbol file LoadedFromMemory doesn't match image D:\Documents\ProyectosUnity\Diplomado\Pedro_Contla_UI\Library\PackageCache\com.unity.visualscripting@1.8.0\Editor\VisualScripting.Core\Dependencies\YamlDotNet\Unity.VisualScripting.YamlDotNet.dll
Symbol file LoadedFromMemory doesn't match image D:\Documents\ProyectosUnity\Diplomado\Pedro_Contla_UI\Library\PackageCache\com.unity.visualscripting@1.8.0\Editor\VisualScripting.Core\Dependencies\DotNetZip\Unity.VisualScripting.IonicZip.dll
- Loaded All Assemblies, in  1.345 seconds
Refreshing native plugins compatible for Editor in 1.72 ms, found 3 plugins.
Native extension for WindowsStandalone target not found
Native extension for Android target not found
Mono: successfully reloaded assembly
- Finished resetting the current domain, in  1.031 seconds
Domain Reload Profiling: 2375ms
	BeginReloadAssembly (171ms)
		ExecutionOrderSort (0ms)
		DisableScriptedObjects (7ms)
		BackupInstance (0ms)
		ReleaseScriptingObjects (0ms)
		CreateAndSetChildDomain (31ms)
	RebuildCommonClasses (72ms)
	RebuildNativeTypeToScriptingClass (18ms)
	initialDomainReloadingComplete (65ms)
	LoadAllAssembliesAndSetupDomain (1016ms)
		LoadAssemblies (599ms)
		RebuildTransferFunctionScriptingTraits (0ms)
		AnalyzeDomain (497ms)
			TypeCache.Refresh (467ms)
				TypeCache.ScanAssembly (446ms)
			ScanForSourceGeneratedMonoScriptInfo (22ms)
			ResolveRequiredComponents (8ms)
	FinalizeReload (1032ms)
		ReleaseScriptCaches (0ms)
		RebuildScriptCaches (0ms)
		SetupLoadedEditorAssemblies (804ms)
			LogAssemblyErrors (0ms)
			InitializePlatformSupportModulesInManaged (35ms)
			SetLoadedEditorAssemblies (6ms)
			RefreshPlugins (0ms)
			BeforeProcessingInitializeOnLoad (145ms)
			ProcessInitializeOnLoadAttributes (583ms)
			ProcessInitializeOnLoadMethodAttributes (27ms)
			AfterProcessingInitializeOnLoad (7ms)
			EditorAssembliesLoaded (0ms)
		ExecutionOrderSort2 (0ms)
		AwakeInstancesAfterBackupRestoration (10ms)
Launched and connected shader compiler UnityShaderCompiler.exe after 0.08 seconds
Refreshing native plugins compatible for Editor in 2.54 ms, found 3 plugins.
Preloading 0 native plugins for Editor in 0.00 ms.
Unloading 3299 Unused Serialized files (Serialized files now loaded: 0)
Unloading 44 unused Assets / (131.7 KB). Loaded Objects now: 3818.
Memory consumption went from 233.7 MB to 233.6 MB.
Total: 4.343400 ms (FindLiveObjects: 0.305600 ms CreateObjectMapping: 0.289600 ms MarkObjects: 3.556700 ms  DeleteObjects: 0.190400 ms)

AssetImportParameters requested are different than current active one (requested -> active):
  custom:container-demuxer-ogg: 62fdf1f143b41e24485cea50d1cbac27 -> 
  custom:video-codec-MediaFoundation-h265: 746d11721c4dcdbdad8f713fa42b33f4 -> 
  custom:video-decoder-ogg-theora: a1e56fd34408186e4bbccfd4996cb3dc -> 
  custom:framework-win-MediaFoundation: 216162199b28c13a410421893ffa2e32 -> 
  custom:CustomObjectIndexerAttribute: 756ad292c208cfabdd7b50bc23989ffe -> 
  custom:container-demuxer-webm: 4f35f7cbe854078d1ac9338744f61a02 -> 
  custom:container-muxer-webm: aa71ff27fc2769a1b78a27578f13a17b -> 
  custom:video-decoder-webm-vp8: 9c59270c3fd7afecdb556c50c9e8de78 -> 
  custom:AudioImporter_EditorPlatform: d09bf68614088b80899f8185d706f6e7 -> 
  custom:video-encoder-webm-vp8: eb34c28f22e8b96e1ab97ce403110664 -> 
  custom:audio-decoder-ogg-vorbis: bf7c407c2cedff20999df2af8eb42d56 -> 
  custom:audio-encoder-webm-vorbis: bf7c407c2cedff20999df2af8eb42d56 -> 
========================================================================
Received Import Request.
  Time since last request: 645098.138051 seconds.
  path: Assets/Prefab/CarreromonIngCivil Variant.prefab
  artifactKey: Guid(f10280c1a8eb17848aa3d708ecd3e05b) Importer(815301076,1909f56bfc062723c751e8b465ee728b)
Start importing Assets/Prefab/CarreromonIngCivil Variant.prefab using Guid(f10280c1a8eb17848aa3d708ecd3e05b) Importer(815301076,1909f56bfc062723c751e8b465ee728b)  -> (artifact id: 'b2dc57a3396a371ee162532531680b91') in 0.142065 seconds
Number of updated asset objects reloaded before import = 0
Number of asset objects unloaded after import = 34
========================================================================
Received Import Request.
  Time since last request: 2.138430 seconds.
  path: Assets/Prefab/AptitudeInteresesPrefabs
  artifactKey: Guid(076b2aadaa60e904e82f596809000852) Importer(815301076,1909f56bfc062723c751e8b465ee728b)
Start importing Assets/Prefab/AptitudeInteresesPrefabs using Guid(076b2aadaa60e904e82f596809000852) Importer(815301076,1909f56bfc062723c751e8b465ee728b)  -> (artifact id: '9c95b950ddb91997cc8a7fa0877ad104') in 0.000591 seconds
Number of updated asset objects reloaded before import = 0
Number of asset objects unloaded after import = 0
========================================================================
Received Import Request.
  Time since last request: 13.142276 seconds.
  path: Assets/Prefab/AptitudeInteresesPrefabs/InteresAdministrativo.prefab
  artifactKey: Guid(b001a76ed5275b940a672a93cb9fd511) Importer(815301076,1909f56bfc062723c751e8b465ee728b)
Start importing Assets/Prefab/AptitudeInteresesPrefabs/InteresAdministrativo.prefab using Guid(b001a76ed5275b940a672a93cb9fd511) Importer(815301076,1909f56bfc062723c751e8b465ee728b)  -> (artifact id: '5f39ad1e40896fc86dc5fdead97524c8') in 0.074452 seconds
Number of updated asset objects reloaded before import = 0
Number of asset objects unloaded after import = 14
========================================================================
Received Import Request.
  Time since last request: 0.003605 seconds.
  path: Assets/Prefab/AptitudeInteresesPrefabs/AptitudMecanica.prefab
  artifactKey: Guid(298ef0449e7473c458b1df06a8a7bd3a) Importer(815301076,1909f56bfc062723c751e8b465ee728b)
Start importing Assets/Prefab/AptitudeInteresesPrefabs/AptitudMecanica.prefab using Guid(298ef0449e7473c458b1df06a8a7bd3a) Importer(815301076,1909f56bfc062723c751e8b465ee728b)  -> (artifact id: 'a3740376db58850cb09364e6cb6f5ba6') in 0.030326 seconds
Number of updated asset objects reloaded before import = 0
Number of asset objects unloaded after import = 12
========================================================================
Received Import Request.
  Time since last request: 0.000029 seconds.
  path: Assets/Prefab/AptitudeInteresesPrefabs/InteresBiologicas.prefab
  artifactKey: Guid(1b3b6bd33b9f24e45b0db3d80bf37470) Importer(815301076,1909f56bfc062723c751e8b465ee728b)
Start importing Assets/Prefab/AptitudeInteresesPrefabs/InteresBiologicas.prefab using Guid(1b3b6bd33b9f24e45b0db3d80bf37470) Importer(815301076,1909f56bfc062723c751e8b465ee728b)  -> (artifact id: 'd8095a90458909d84ace3f4119d40e5e') in 0.027440 seconds
Number of updated asset objects reloaded before import = 0
Number of asset objects unloaded after import = 14
========================================================================
Received Import Request.
  Time since last request: 0.000048 seconds.
  path: Assets/Prefab/AptitudeInteresesPrefabs/AptitudVerbal.prefab
  artifactKey: Guid(31e8698912cb01b42b8761b449fa4fc3) Importer(815301076,1909f56bfc062723c751e8b465ee728b)
Start importing Assets/Prefab/AptitudeInteresesPrefabs/AptitudVerbal.prefab using Guid(31e8698912cb01b42b8761b449fa4fc3) Importer(815301076,1909f56bfc062723c751e8b465ee728b)  -> (artifact id: 'afa33b1caefb85426e513beb0a8f843a') in 0.030217 seconds
Number of updated asset objects reloaded before import = 0
Number of asset objects unloaded after import = 14
========================================================================
Received Import Request.
  Time since last request: 0.000030 seconds.
  path: Assets/Prefab/AptitudeInteresesPrefabs/InteresMusical.prefab
  artifactKey: Guid(16289edd213f2864bb5fe1a4b39852aa) Importer(815301076,1909f56bfc062723c751e8b465ee728b)
Start importing Assets/Prefab/AptitudeInteresesPrefabs/InteresMusical.prefab using Guid(16289edd213f2864bb5fe1a4b39852aa) Importer(815301076,1909f56bfc062723c751e8b465ee728b)  -> (artifact id: '2fed51935a9648bfd05d8769e2acecb4') in 0.033668 seconds
Number of updated asset objects reloaded before import = 0
Number of asset objects unloaded after import = 14
========================================================================
Received Import Request.
  Time since last request: 0.000039 seconds.
  path: Assets/Prefab/AptitudeInteresesPrefabs/AptitudUsoLenguaje.prefab
  artifactKey: Guid(1068a3efb1b94f9419a6ad35e351dc8c) Importer(815301076,1909f56bfc062723c751e8b465ee728b)
Start importing Assets/Prefab/AptitudeInteresesPrefabs/AptitudUsoLenguaje.prefab using Guid(1068a3efb1b94f9419a6ad35e351dc8c) Importer(815301076,1909f56bfc062723c751e8b465ee728b)  -> (artifact id: '5830444501f7d986b71fdc09394d8f3f') in 0.029956 seconds
Number of updated asset objects reloaded before import = 0
Number of asset objects unloaded after import = 14
========================================================================
Received Import Request.
  Time since last request: 0.000025 seconds.
  path: Assets/Prefab/AptitudeInteresesPrefabs/AptitudDiscriminacionFiguras.prefab
  artifactKey: Guid(b44f761a55897cb489dadfd5be339763) Importer(815301076,1909f56bfc062723c751e8b465ee728b)
Start importing Assets/Prefab/AptitudeInteresesPrefabs/AptitudDiscriminacionFiguras.prefab using Guid(b44f761a55897cb489dadfd5be339763) Importer(815301076,1909f56bfc062723c751e8b465ee728b)  -> (artifact id: 'b07d874a008b0186614984bd0240e0f0') in 0.031024 seconds
Number of updated asset objects reloaded before import = 0
Number of asset objects unloaded after import = 14
========================================================================
Received Import Request.
  Time since last request: 0.000031 seconds.
  path: Assets/Prefab/AptitudeInteresesPrefabs/AptitudReconocimientoPalabras.prefab
  artifactKey: Guid(267bea6a94ed1044c804758cc1df9c35) Importer(815301076,1909f56bfc062723c751e8b465ee728b)
Start importing Assets/Prefab/AptitudeInteresesPrefabs/AptitudReconocimientoPalabras.prefab using Guid(267bea6a94ed1044c804758cc1df9c35) Importer(815301076,1909f56bfc062723c751e8b465ee728b)  -> (artifact id: '4b5255752e87d7780ff60a430902a012') in 0.029698 seconds
Number of updated asset objects reloaded before import = 0
Number of asset objects unloaded after import = 14
========================================================================
Received Import Request.
  Time since last request: 0.000019 seconds.
  path: Assets/Prefab/AptitudeInteresesPrefabs/InteresCienciasFísicas.prefab
  artifactKey: Guid(fe5afea50bfae074ca75facfc8db74a5) Importer(815301076,1909f56bfc062723c751e8b465ee728b)
Start importing Assets/Prefab/AptitudeInteresesPrefabs/InteresCienciasFísicas.prefab using Guid(fe5afea50bfae074ca75facfc8db74a5) Importer(815301076,1909f56bfc062723c751e8b465ee728b)  -> (artifact id: '06a39c7c2c605502486d645aced9d015') in 0.025176 seconds
Number of updated asset objects reloaded before import = 0
Number of asset objects unloaded after import = 14
========================================================================
Received Import Request.
  Time since last request: 0.000028 seconds.
  path: Assets/Prefab/AptitudeInteresesPrefabs/InteresEcologia.prefab
  artifactKey: Guid(3fa9432744c0ec649a086fa8abfdabc4) Importer(815301076,1909f56bfc062723c751e8b465ee728b)
Start importing Assets/Prefab/AptitudeInteresesPrefabs/InteresEcologia.prefab using Guid(3fa9432744c0ec649a086fa8abfdabc4) Importer(815301076,1909f56bfc062723c751e8b465ee728b)  -> (artifact id: '35de1190a1ef2fb588e19594f4dbd86b') in 0.029023 seconds
Number of updated asset objects reloaded before import = 0
Number of asset objects unloaded after import = 14
========================================================================
Received Import Request.
  Time since last request: 0.000145 seconds.
  path: Assets/Prefab/AptitudeInteresesPrefabs/InteresMecanico.prefab
  artifactKey: Guid(bcda44e9762adf841b6236767db3011b) Importer(815301076,1909f56bfc062723c751e8b465ee728b)
Start importing Assets/Prefab/AptitudeInteresesPrefabs/InteresMecanico.prefab using Guid(bcda44e9762adf841b6236767db3011b) Importer(815301076,1909f56bfc062723c751e8b465ee728b)  -> (artifact id: '4bdf53f3217db1d63147bd71a0d8f1d7') in 0.023148 seconds
Number of updated asset objects reloaded before import = 0
Number of asset objects unloaded after import = 14
========================================================================
Received Import Request.
  Time since last request: 0.000018 seconds.
  path: Assets/Prefab/AptitudeInteresesPrefabs/InteresCalculoMatematico.prefab
  artifactKey: Guid(864059ee2701f6240b41e3d4d733f3ac) Importer(815301076,1909f56bfc062723c751e8b465ee728b)
Start importing Assets/Prefab/AptitudeInteresesPrefabs/InteresCalculoMatematico.prefab using Guid(864059ee2701f6240b41e3d4d733f3ac) Importer(815301076,1909f56bfc062723c751e8b465ee728b)  -> (artifact id: '0f9d247a79c9c0c0fbf6e8c550dee391') in 0.023194 seconds
Number of updated asset objects reloaded before import = 0
Number of asset objects unloaded after import = 14
========================================================================
Received Import Request.
  Time since last request: 0.000028 seconds.
  path: Assets/Prefab/AptitudeInteresesPrefabs/AptitudVelocidadPerceptual.prefab
  artifactKey: Guid(c6be635cd64535845bc0bf4b0cb4b247) Importer(815301076,1909f56bfc062723c751e8b465ee728b)
Start importing Assets/Prefab/AptitudeInteresesPrefabs/AptitudVelocidadPerceptual.prefab using Guid(c6be635cd64535845bc0bf4b0cb4b247) Importer(815301076,1909f56bfc062723c751e8b465ee728b)  -> (artifact id: '5b57136d4f1b938ae16d20c464e525a4') in 0.021611 seconds
Number of updated asset objects reloaded before import = 0
Number of asset objects unloaded after import = 14
Editor requested this worker to shutdown with reason: Scaling down because of idle timeout
TcpMessagingSession - receive error: operation aborted. errorcode: 995, details: The I/O operation has been aborted because of either a thread exit or an application request.
AssetImportWorker is now disconnected from the server
Process exiting
Exiting without the bug reporter. Application will terminate with return code 0